<?xml version="1.0" encoding="UTF-8"?>
<!-- Generated by org.testng.reporters.JUnitReportReporter -->
<testsuite hostname="sureshsir-PC" name="com.orangehrm.tests.NewUserRegTest" tests="1" failures="0" timestamp="3 Dec 2016 02:54:16 GMT" time="9.329" errors="0">
  <testcase name="userRegTest" time="9.329" classname="com.orangehrm.tests.NewUserRegTest"/>
</testsuite> <!-- com.orangehrm.tests.NewUserRegTest -->
