<?xml version="1.0" encoding="UTF-8"?>
<!-- Generated by org.testng.reporters.JUnitReportReporter -->
<testsuite hostname="sureshsir-PC" name="com.orangehrm.tests.EmployeeLogiinTest" tests="1" failures="0" timestamp="3 Dec 2016 02:54:16 GMT" time="2.605" errors="0">
  <testcase name="empLoginTest" time="2.605" classname="com.orangehrm.tests.EmployeeLogiinTest"/>
</testsuite> <!-- com.orangehrm.tests.EmployeeLogiinTest -->
