<?xml version="1.0" encoding="UTF-8"?>
<!-- Generated by org.testng.reporters.JUnitReportReporter -->
<testsuite hostname="sureshsir-PC" name="com.orangehrm.tests.NewEmployeeRegistrationTest" tests="1" failures="0" timestamp="3 Dec 2016 02:54:16 GMT" time="28.665" errors="0">
  <testcase name="empregTest" time="28.665" classname="com.orangehrm.tests.NewEmployeeRegistrationTest"/>
</testsuite> <!-- com.orangehrm.tests.NewEmployeeRegistrationTest -->
