<?xml version="1.0" encoding="UTF-8"?>
<!-- Generated by org.testng.reporters.JUnitReportReporter -->
<testsuite hostname="sureshsir-PC" name="com.orangehrm.tests.NewEmpRegTest" tests="1" failures="0" timestamp="30 Nov 2016 03:56:37 GMT" time="12.348" errors="0">
  <testcase name="newempreg" time="12.348" classname="com.orangehrm.tests.NewEmpRegTest"/>
</testsuite> <!-- com.orangehrm.tests.NewEmpRegTest -->
