<?xml version="1.0" encoding="UTF-8"?>
<!-- Generated by org.testng.reporters.JUnitReportReporter -->
<testsuite hostname="sureshsir-PC" name="com.orangehrm.tests.AdminLoginTest" tests="1" failures="0" timestamp="3 Dec 2016 02:54:16 GMT" time="4.982" errors="0">
  <testcase name="adminLoginTest" time="4.982" classname="com.orangehrm.tests.AdminLoginTest"/>
</testsuite> <!-- com.orangehrm.tests.AdminLoginTest -->
